

Microchip MPLAB XC8 Assembler V2.32 build 20210201212658 
                                                                                               Sun Sep 26 19:03:19 2021

Microchip MPLAB XC8 C Compiler v2.32 (Free license) build 20210201212658 Og1 
     1                           	processor	18F4550
     2                           	fnconf	rparam,??,?,0
     3                           	pagewidth 120
     4                           	opt	flic
     5                           	psect	idataCOMRAM,global,class=CODE,delta=1,noexec
     6                           	psect	cinit,global,reloc=2,class=CODE,delta=1
     7                           	psect	bssCOMRAM,global,class=COMRAM,space=1,delta=1,lowdata,noexec
     8                           	psect	dataCOMRAM,global,class=COMRAM,space=1,delta=1,lowdata,noexec
     9                           	psect	cstackCOMRAM,global,class=COMRAM,space=1,delta=1,lowdata,noexec
    10                           	psect	text0,global,reloc=2,class=CODE,delta=1
    11                           	psect	text1,global,reloc=2,class=CODE,delta=1
    12                           	psect	text2,global,reloc=2,class=CODE,delta=1
    13                           	psect	intcode,global,reloc=2,class=CODE,delta=1
    14                           	psect	intcode_body,global,reloc=2,class=CODE,delta=1
    15                           	psect	intsave_regs,global,class=BIGRAM,space=1,delta=1,noexec
    16                           	psect	rparam,global,class=COMRAM,space=1,delta=1,noexec
    17                           	psect	temp,global,ovrld,common,class=COMRAM,space=1,delta=1
    18                           	psect	idloc,global,abs,ovrld,class=IDLOC,space=5,delta=1,noexec
    19                           	psect	config,global,abs,ovrld,class=CONFIG,space=4,delta=1,noexec
    20  0000                     
    21                           ; Version 2.20
    22                           ; Generated 12/02/2020 GMT
    23                           ; 
    24                           ; Copyright © 2020, Microchip Technology Inc. and its subsidiaries ("Microchip")
    25                           ; All rights reserved.
    26                           ; 
    27                           ; This software is developed by Microchip Technology Inc. and its subsidiaries ("Microch
      +                          ip").
    28                           ; 
    29                           ; Redistribution and use in source and binary forms, with or without modification, are
    30                           ; permitted provided that the following conditions are met:
    31                           ; 
    32                           ;     1. Redistributions of source code must retain the above copyright notice, this lis
      +                          t of
    33                           ;        conditions and the following disclaimer.
    34                           ; 
    35                           ;     2. Redistributions in binary form must reproduce the above copyright notice, this 
      +                          list
    36                           ;        of conditions and the following disclaimer in the documentation and/or other
    37                           ;        materials provided with the distribution.
    38                           ; 
    39                           ;     3. Microchip's name may not be used to endorse or promote products derived from th
      +                          is
    40                           ;        software without specific prior written permission.
    41                           ; 
    42                           ; THIS SOFTWARE IS PROVIDED BY MICROCHIP "AS IS" AND ANY EXPRESS OR IMPLIED WARRANTIES,
    43                           ; INCLUDING, BUT NOT LIMITED TO, THE IMPLIED WARRANTIES OF MERCHANTABILITY AND FITNESS F
      +                          OR
    44                           ; PURPOSE ARE DISCLAIMED.  IN NO EVENT SHALL MICROCHIP BE LIABLE FOR ANY DIRECT, INDIREC
      +                          T,
    45                           ; INCIDENTAL, SPECIAL, EXEMPLARY, OR CONSEQUENTIAL DAMAGES (INCLUDING BUT NOT LIMITED TO
    46                           ; PROCUREMENT OF SUBSTITUTE GOODS OR SERVICES; LOSS OF USE, DATA OR PROFITS; OR BUSINESS
    47                           ; INTERRUPTION) HOWSOEVER CAUSED AND ON ANY THEORY OF LIABILITY, WHETHER IN CONTRACT, ST
      +                          RICT
    48                           ; LIABILITY, OR TORT (INCLUDING NEGLIGENCE OR OTHERWISE) ARISING IN ANY WAY OUT OF THE U
      +                          SE OF
    49                           ; THIS SOFTWARE, EVEN IF ADVISED OF THE POSSIBILITY OF SUCH DAMAGE.
    50                           ; 
    51                           ; 
    52                           ; Code-generator required, PIC18F4550 Definitions
    53                           ; 
    54                           ; SFR Addresses
    55  0000                     
    56                           	psect	idataCOMRAM
    57  000274                     __pidataCOMRAM:
    58                           	callstack 0
    59                           
    60                           ;initializer for _distancia
    61  000274  0002               	dw	2
    62  0000                     _TMR0	set	4054
    63  0000                     _PORTAbits	set	3968
    64  0000                     _TRISA	set	3986
    65  0000                     _TRISD	set	3989
    66  0000                     _TRISC	set	3988
    67  0000                     _ADCON1	set	4033
    68  0000                     _T0CONbits	set	4053
    69  0000                     _INTCONbits	set	4082
    70  0000                     _PORTD	set	3971
    71  0000                     _PORTC	set	3970
    72                           
    73                           ; #config settings
    74                           
    75                           	psect	cinit
    76  000210                     __pcinit:
    77                           	callstack 0
    78  000210                     start_initialization:
    79                           	callstack 0
    80  000210                     __initialization:
    81                           	callstack 0
    82                           
    83                           ; Initialize objects allocated to COMRAM (2 bytes)
    84                           ; load TBLPTR registers with __pidataCOMRAM
    85  000210  0E74               	movlw	low __pidataCOMRAM
    86  000212  6EF6               	movwf	tblptrl,c
    87  000214  0E02               	movlw	high __pidataCOMRAM
    88  000216  6EF7               	movwf	tblptrh,c
    89  000218  0E00               	movlw	low (__pidataCOMRAM shr (0+16))
    90  00021A  6EF8               	movwf	tblptru,c
    91  00021C  0009               	tblrd		*+	;fetch initializer
    92  00021E  CFF5 F010          	movff	tablat,__pdataCOMRAM
    93  000222  0009               	tblrd		*+	;fetch initializer
    94  000224  CFF5 F011          	movff	tablat,__pdataCOMRAM+1
    95                           
    96                           ; Clear objects allocated to COMRAM (2 bytes)
    97  000228  6A0F               	clrf	(__pbssCOMRAM+1)& (0+255),c
    98  00022A  6A0E               	clrf	__pbssCOMRAM& (0+255),c
    99  00022C                     end_of_initialization:
   100                           	callstack 0
   101  00022C                     __end_of__initialization:
   102                           	callstack 0
   103  00022C  9012               	bcf	int$flags,0,c	;clear compiler interrupt flag (level 1)
   104  00022E  9212               	bcf	int$flags,1,c	;clear compiler interrupt flag (level 2)
   105  000230  0E00               	movlw	low (__Lmediumconst shr (0+16))
   106  000232  6EF8               	movwf	tblptru,c
   107  000234  0100               	movlb	0
   108  000236  EFCA  F000         	goto	_main	;jump to C main() function
   109                           
   110                           	psect	bssCOMRAM
   111  00000E                     __pbssCOMRAM:
   112                           	callstack 0
   113  00000E                     _tiempo:
   114                           	callstack 0
   115  00000E                     	ds	2
   116                           
   117                           	psect	dataCOMRAM
   118  000010                     __pdataCOMRAM:
   119                           	callstack 0
   120  000010                     _distancia:
   121                           	callstack 0
   122  000010                     	ds	2
   123                           
   124                           	psect	cstackCOMRAM
   125  000001                     __pcstackCOMRAM:
   126                           	callstack 0
   127  000001                     display@count:
   128                           	callstack 0
   129                           
   130                           ; 2 bytes @ 0x0
   131  000001                     	ds	2
   132  000003                     ??_display:
   133                           
   134                           ; 1 bytes @ 0x2
   135  000003                     	ds	2
   136  000005                     display@n:
   137                           	callstack 0
   138                           
   139                           ; 2 bytes @ 0x4
   140  000005                     	ds	2
   141  000007                     
   142                           ; 2 bytes @ 0x6
   143  000007                     	ds	2
   144  000009                     
   145                           ; 3 bytes @ 0x8
   146  000009                     	ds	3
   147  00000C                     ??_main:
   148                           
   149                           ; 1 bytes @ 0xB
   150  00000C                     	ds	2
   151                           
   152 ;;
   153 ;;Main: autosize = 0, tempsize = 2, incstack = 0, save=0
   154 ;;
   155 ;; *************** function _main *****************
   156 ;; Defined at:
   157 ;;		line 210 in file "main.c"
   158 ;; Parameters:    Size  Location     Type
   159 ;;  argc            2    6[COMRAM] int 
   160 ;;  argv            3    8[COMRAM] PTR PTR unsigned char 
   161 ;; Auto vars:     Size  Location     Type
   162 ;;  count           2    0        int 
   163 ;; Return value:  Size  Location     Type
   164 ;;                  2    6[COMRAM] int 
   165 ;; Registers used:
   166 ;;		wreg, status,2, status,0, cstack
   167 ;; Tracked objects:
   168 ;;		On entry : 0/0
   169 ;;		On exit  : 0/0
   170 ;;		Unchanged: 0/0
   171 ;; Data sizes:     COMRAM   BANK0   BANK1   BANK2   BANK3   BANK4   BANK5   BANK6   BANK7
   172 ;;      Params:         5       0       0       0       0       0       0       0       0
   173 ;;      Locals:         0       0       0       0       0       0       0       0       0
   174 ;;      Temps:          2       0       0       0       0       0       0       0       0
   175 ;;      Totals:         7       0       0       0       0       0       0       0       0
   176 ;;Total ram usage:        7 bytes
   177 ;; Hardware stack levels required when called: 2
   178 ;; This function calls:
   179 ;;		_confT0
   180 ;;		_display
   181 ;; This function is called by:
   182 ;;		Startup code after reset
   183 ;; This function uses a non-reentrant model
   184 ;;
   185                           
   186                           	psect	text0
   187  000194                     __ptext0:
   188                           	callstack 0
   189  000194                     _main:
   190                           	callstack 29
   191  000194                     
   192                           ;main.c: 211:     ADCON1 = 15;
   193  000194  0E0F               	movlw	15
   194  000196  6EC1               	movwf	193,c	;volatile
   195                           
   196                           ;main.c: 212:     int count;;main.c: 213:     TRISC = 0;
   197  000198  0E00               	movlw	0
   198  00019A  6E94               	movwf	148,c	;volatile
   199                           
   200                           ;main.c: 214:     TRISD = 0;
   201  00019C  0E00               	movlw	0
   202  00019E  6E95               	movwf	149,c	;volatile
   203                           
   204                           ;main.c: 215:     TRISA = 0b00010000;
   205  0001A0  0E10               	movlw	16
   206  0001A2  6E92               	movwf	146,c	;volatile
   207  0001A4                     
   208                           ;main.c: 217:     confT0();
   209  0001A4  EC2E  F001         	call	_confT0	;wreg free
   210  0001A8                     l910:
   211                           
   212                           ;main.c: 225:       distancia = 2;
   213  0001A8  0E00               	movlw	0
   214  0001AA  6E11               	movwf	(_distancia+1)^0,c
   215  0001AC  0E02               	movlw	2
   216  0001AE  6E10               	movwf	_distancia^0,c
   217  0001B0                     
   218                           ;main.c: 227:         PORTAbits.RA5 = 1;
   219  0001B0  8A80               	bsf	128,5,c	;volatile
   220  0001B2                     
   221                           ;main.c: 228:       _delay((unsigned long)((10)*(20000000/4000000.0)));
   222  0001B2  0E10               	movlw	16
   223  0001B4                     u67:
   224  0001B4  2EE8               	decfsz	wreg,f,c
   225  0001B6  D7FE               	bra	u67
   226  0001B8  D000               	nop2	
   227  0001BA                     
   228                           ;main.c: 229:        PORTAbits.RA5 = 0;
   229  0001BA  9A80               	bcf	128,5,c	;volatile
   230  0001BC                     l70:
   231  0001BC  A880               	btfss	128,4,c	;volatile
   232  0001BE  EFE3  F000         	goto	u41
   233  0001C2  EFE5  F000         	goto	u40
   234  0001C6                     u41:
   235  0001C6  EFDE  F000         	goto	l70
   236  0001CA                     u40:
   237  0001CA                     
   238                           ;main.c: 233:           TMR0 = 109;
   239  0001CA  0E00               	movlw	0
   240  0001CC  6ED7               	movwf	215,c	;volatile
   241  0001CE  0E6D               	movlw	109
   242  0001D0  6ED6               	movwf	214,c	;volatile
   243  0001D2                     
   244                           ;main.c: 234:           T0CONbits.TMR0ON = 1;
   245  0001D2  8ED5               	bsf	213,7,c	;volatile
   246  0001D4                     l73:
   247  0001D4  B880               	btfsc	128,4,c	;volatile
   248  0001D6  EFEF  F000         	goto	u51
   249  0001DA  EFF1  F000         	goto	u50
   250  0001DE                     u51:
   251  0001DE  EFEA  F000         	goto	l73
   252  0001E2                     u50:
   253  0001E2                     
   254                           ;main.c: 238:         T0CONbits.TMR0ON = 0;
   255  0001E2  9ED5               	bcf	213,7,c	;volatile
   256  0001E4                     
   257                           ;main.c: 241:       display(distancia);
   258  0001E4  C010  F001         	movff	_distancia,display@count
   259  0001E8  C011  F002         	movff	_distancia+1,display@count+1
   260  0001EC  EC09  F000         	call	_display	;wreg free
   261  0001F0                     
   262                           ;main.c: 242:      _delay((unsigned long)((60)*(20000000/4000.0)));
   263  0001F0  0E02               	movlw	2
   264  0001F2  6E0D               	movwf	(??_main+1)^0,c
   265  0001F4  0E86               	movlw	134
   266  0001F6  6E0C               	movwf	??_main^0,c
   267  0001F8  0E99               	movlw	153
   268  0001FA                     u77:
   269  0001FA  2EE8               	decfsz	wreg,f,c
   270  0001FC  D7FE               	bra	u77
   271  0001FE  2E0C               	decfsz	??_main^0,f,c
   272  000200  D7FC               	bra	u77
   273  000202  2E0D               	decfsz	(??_main+1)^0,f,c
   274  000204  D7FA               	bra	u77
   275  000206  F000               	nop	
   276  000208  EFD4  F000         	goto	l910
   277  00020C  EF07  F000         	goto	start
   278  000210                     __end_of_main:
   279                           	callstack 0
   280                           
   281 ;; *************** function _display *****************
   282 ;; Defined at:
   283 ;;		line 89 in file "main.c"
   284 ;; Parameters:    Size  Location     Type
   285 ;;  count           2    0[COMRAM] int 
   286 ;; Auto vars:     Size  Location     Type
   287 ;;  n               2    4[COMRAM] int 
   288 ;;  n1              2    0        int 
   289 ;; Return value:  Size  Location     Type
   290 ;;                  1    wreg      void 
   291 ;; Registers used:
   292 ;;		wreg, status,2, status,0
   293 ;; Tracked objects:
   294 ;;		On entry : 0/0
   295 ;;		On exit  : 0/0
   296 ;;		Unchanged: 0/0
   297 ;; Data sizes:     COMRAM   BANK0   BANK1   BANK2   BANK3   BANK4   BANK5   BANK6   BANK7
   298 ;;      Params:         2       0       0       0       0       0       0       0       0
   299 ;;      Locals:         2       0       0       0       0       0       0       0       0
   300 ;;      Temps:          2       0       0       0       0       0       0       0       0
   301 ;;      Totals:         6       0       0       0       0       0       0       0       0
   302 ;;Total ram usage:        6 bytes
   303 ;; Hardware stack levels used: 1
   304 ;; Hardware stack levels required when called: 1
   305 ;; This function calls:
   306 ;;		Nothing
   307 ;; This function is called by:
   308 ;;		_main
   309 ;; This function uses a non-reentrant model
   310 ;;
   311                           
   312                           	psect	text1
   313  000012                     __ptext1:
   314                           	callstack 0
   315  000012                     _display:
   316                           	callstack 29
   317  000012                     
   318                           ;main.c: 91:     int n;;main.c: 92:     int n1;;main.c: 94:     n = count;
   319  000012  C001  F005         	movff	display@count,display@n
   320  000016  C002  F006         	movff	display@count+1,display@n+1
   321                           
   322                           ;main.c: 98:     switch(n){
   323  00001A  EF36  F000         	goto	l874
   324  00001E                     l854:
   325                           
   326                           ;main.c: 100:             PORTC = 0b10111111;
   327  00001E  0EBF               	movlw	191
   328  000020  6E82               	movwf	130,c	;volatile
   329                           
   330                           ;main.c: 101:             break;
   331  000022  EF93  F000         	goto	l896
   332  000026                     l856:
   333                           
   334                           ;main.c: 103:             PORTC = 0b00000110;
   335  000026  0E06               	movlw	6
   336  000028  6E82               	movwf	130,c	;volatile
   337                           
   338                           ;main.c: 104:             break;
   339  00002A  EF93  F000         	goto	l896
   340  00002E                     l858:
   341                           
   342                           ;main.c: 107:             PORTC = 0b11011011;
   343  00002E  0EDB               	movlw	219
   344  000030  6E82               	movwf	130,c	;volatile
   345                           
   346                           ;main.c: 108:             break;
   347  000032  EF93  F000         	goto	l896
   348  000036                     l860:
   349                           
   350                           ;main.c: 111:             PORTC = 0b11001111;
   351  000036  0ECF               	movlw	207
   352  000038  6E82               	movwf	130,c	;volatile
   353                           
   354                           ;main.c: 112:             break;
   355  00003A  EF93  F000         	goto	l896
   356  00003E                     l862:
   357                           
   358                           ;main.c: 115:             PORTC = 0b01100110;
   359  00003E  0E66               	movlw	102
   360  000040  6E82               	movwf	130,c	;volatile
   361                           
   362                           ;main.c: 116:             break;
   363  000042  EF93  F000         	goto	l896
   364  000046                     l864:
   365                           
   366                           ;main.c: 118:             PORTC = 0b11101101;
   367  000046  0EED               	movlw	237
   368  000048  6E82               	movwf	130,c	;volatile
   369                           
   370                           ;main.c: 119:             break;
   371  00004A  EF93  F000         	goto	l896
   372  00004E                     l866:
   373                           
   374                           ;main.c: 121:             PORTC = 0b11111101;
   375  00004E  0EFD               	movlw	253
   376  000050  6E82               	movwf	130,c	;volatile
   377                           
   378                           ;main.c: 122:             break;
   379  000052  EF93  F000         	goto	l896
   380  000056                     l868:
   381                           
   382                           ;main.c: 124:             PORTC = 0b00000111;
   383  000056  0E07               	movlw	7
   384  000058  6E82               	movwf	130,c	;volatile
   385                           
   386                           ;main.c: 125:             break;
   387  00005A  EF93  F000         	goto	l896
   388  00005E                     l39:
   389                           
   390                           ;main.c: 127:             PORTC = 0b11111111;
   391  00005E  6882               	setf	130,c	;volatile
   392                           
   393                           ;main.c: 128:             break;
   394  000060  EF93  F000         	goto	l896
   395  000064                     l870:
   396                           
   397                           ;main.c: 130:             PORTC = 0b11101111;
   398  000064  0EEF               	movlw	239
   399  000066  6E82               	movwf	130,c	;volatile
   400                           
   401                           ;main.c: 131:             break;
   402  000068  EF93  F000         	goto	l896
   403  00006C                     l874:
   404  00006C  C005  F003         	movff	display@n,??_display
   405  000070  C006  F004         	movff	display@n+1,??_display+1
   406                           
   407                           ; Switch on 2 bytes has been partitioned into a top level switch of size 1, and 1 sub-sw
      +                          itches
   408                           ; Switch size 1, requested type "simple"
   409                           ; Number of cases is 1, Range of values is 0 to 0
   410                           ; switch strategies available:
   411                           ; Name         Instructions Cycles
   412                           ; simple_byte            4     3 (average)
   413                           ;	Chosen strategy is simple_byte
   414  000074  5004               	movf	(??_display+1)^0,w,c
   415  000076  0A00               	xorlw	0	; case 0
   416  000078  B4D8               	btfsc	status,2,c
   417  00007A  EF41  F000         	goto	l934
   418  00007E  EF93  F000         	goto	l896
   419  000082                     l934:
   420                           
   421                           ; Switch size 1, requested type "simple"
   422                           ; Number of cases is 10, Range of values is 0 to 9
   423                           ; switch strategies available:
   424                           ; Name         Instructions Cycles
   425                           ; simple_byte           31    16 (average)
   426                           ;	Chosen strategy is simple_byte
   427  000082  5003               	movf	??_display^0,w,c
   428  000084  0A00               	xorlw	0	; case 0
   429  000086  B4D8               	btfsc	status,2,c
   430  000088  EF0F  F000         	goto	l854
   431  00008C  0A01               	xorlw	1	; case 1
   432  00008E  B4D8               	btfsc	status,2,c
   433  000090  EF13  F000         	goto	l856
   434  000094  0A03               	xorlw	3	; case 2
   435  000096  B4D8               	btfsc	status,2,c
   436  000098  EF17  F000         	goto	l858
   437  00009C  0A01               	xorlw	1	; case 3
   438  00009E  B4D8               	btfsc	status,2,c
   439  0000A0  EF1B  F000         	goto	l860
   440  0000A4  0A07               	xorlw	7	; case 4
   441  0000A6  B4D8               	btfsc	status,2,c
   442  0000A8  EF1F  F000         	goto	l862
   443  0000AC  0A01               	xorlw	1	; case 5
   444  0000AE  B4D8               	btfsc	status,2,c
   445  0000B0  EF23  F000         	goto	l864
   446  0000B4  0A03               	xorlw	3	; case 6
   447  0000B6  B4D8               	btfsc	status,2,c
   448  0000B8  EF27  F000         	goto	l866
   449  0000BC  0A01               	xorlw	1	; case 7
   450  0000BE  B4D8               	btfsc	status,2,c
   451  0000C0  EF2B  F000         	goto	l868
   452  0000C4  0A0F               	xorlw	15	; case 8
   453  0000C6  B4D8               	btfsc	status,2,c
   454  0000C8  EF2F  F000         	goto	l39
   455  0000CC  0A01               	xorlw	1	; case 9
   456  0000CE  B4D8               	btfsc	status,2,c
   457  0000D0  EF32  F000         	goto	l870
   458  0000D4  EF93  F000         	goto	l896
   459  0000D8                     l876:
   460                           
   461                           ;main.c: 139:             PORTD = 0b10111111;
   462  0000D8  0EBF               	movlw	191
   463  0000DA  6E83               	movwf	131,c	;volatile
   464                           
   465                           ;main.c: 140:             break;
   466  0000DC  EFC9  F000         	goto	l55
   467  0000E0                     l878:
   468                           
   469                           ;main.c: 142:             PORTD = 0b00000110;
   470  0000E0  0E06               	movlw	6
   471  0000E2  6E83               	movwf	131,c	;volatile
   472                           
   473                           ;main.c: 143:             break;
   474  0000E4  EFC9  F000         	goto	l55
   475  0000E8                     l880:
   476                           
   477                           ;main.c: 146:             PORTD = 0b11011011;
   478  0000E8  0EDB               	movlw	219
   479  0000EA  6E83               	movwf	131,c	;volatile
   480                           
   481                           ;main.c: 147:             break;
   482  0000EC  EFC9  F000         	goto	l55
   483  0000F0                     l882:
   484                           
   485                           ;main.c: 150:             PORTD = 0b11001111;
   486  0000F0  0ECF               	movlw	207
   487  0000F2  6E83               	movwf	131,c	;volatile
   488                           
   489                           ;main.c: 151:             break;
   490  0000F4  EFC9  F000         	goto	l55
   491  0000F8                     l884:
   492                           
   493                           ;main.c: 154:             PORTD = 0b01100110;
   494  0000F8  0E66               	movlw	102
   495  0000FA  6E83               	movwf	131,c	;volatile
   496                           
   497                           ;main.c: 155:             break;
   498  0000FC  EFC9  F000         	goto	l55
   499  000100                     l886:
   500                           
   501                           ;main.c: 157:             PORTD = 0b11101101;
   502  000100  0EED               	movlw	237
   503  000102  6E83               	movwf	131,c	;volatile
   504                           
   505                           ;main.c: 158:             break;
   506  000104  EFC9  F000         	goto	l55
   507  000108                     l888:
   508                           
   509                           ;main.c: 160:             PORTD = 0b11111101;
   510  000108  0EFD               	movlw	253
   511  00010A  6E83               	movwf	131,c	;volatile
   512                           
   513                           ;main.c: 161:             break;
   514  00010C  EFC9  F000         	goto	l55
   515  000110                     l890:
   516                           
   517                           ;main.c: 163:             PORTD = 0b00000111;
   518  000110  0E07               	movlw	7
   519  000112  6E83               	movwf	131,c	;volatile
   520                           
   521                           ;main.c: 164:             break;
   522  000114  EFC9  F000         	goto	l55
   523  000118                     l52:
   524                           
   525                           ;main.c: 166:             PORTD = 0b11111111;
   526  000118  6883               	setf	131,c	;volatile
   527                           
   528                           ;main.c: 167:             break;
   529  00011A  EFC9  F000         	goto	l55
   530  00011E                     l892:
   531                           
   532                           ;main.c: 169:             PORTD = 0b11101111;
   533  00011E  0EEF               	movlw	239
   534  000120  6E83               	movwf	131,c	;volatile
   535                           
   536                           ;main.c: 170:             break;
   537  000122  EFC9  F000         	goto	l55
   538  000126                     l896:
   539  000126  C005  F003         	movff	display@n,??_display
   540  00012A  C006  F004         	movff	display@n+1,??_display+1
   541                           
   542                           ; Switch on 2 bytes has been partitioned into a top level switch of size 1, and 1 sub-sw
      +                          itches
   543                           ; Switch size 1, requested type "simple"
   544                           ; Number of cases is 1, Range of values is 0 to 0
   545                           ; switch strategies available:
   546                           ; Name         Instructions Cycles
   547                           ; simple_byte            4     3 (average)
   548                           ;	Chosen strategy is simple_byte
   549  00012E  5004               	movf	(??_display+1)^0,w,c
   550  000130  0A00               	xorlw	0	; case 0
   551  000132  B4D8               	btfsc	status,2,c
   552  000134  EF9E  F000         	goto	l936
   553  000138  EF8C  F000         	goto	l52
   554  00013C                     l936:
   555                           
   556                           ; Switch size 1, requested type "simple"
   557                           ; Number of cases is 10, Range of values is 0 to 9
   558                           ; switch strategies available:
   559                           ; Name         Instructions Cycles
   560                           ; simple_byte           31    16 (average)
   561                           ;	Chosen strategy is simple_byte
   562  00013C  5003               	movf	??_display^0,w,c
   563  00013E  0A00               	xorlw	0	; case 0
   564  000140  B4D8               	btfsc	status,2,c
   565  000142  EF6C  F000         	goto	l876
   566  000146  0A01               	xorlw	1	; case 1
   567  000148  B4D8               	btfsc	status,2,c
   568  00014A  EF70  F000         	goto	l878
   569  00014E  0A03               	xorlw	3	; case 2
   570  000150  B4D8               	btfsc	status,2,c
   571  000152  EF74  F000         	goto	l880
   572  000156  0A01               	xorlw	1	; case 3
   573  000158  B4D8               	btfsc	status,2,c
   574  00015A  EF78  F000         	goto	l882
   575  00015E  0A07               	xorlw	7	; case 4
   576  000160  B4D8               	btfsc	status,2,c
   577  000162  EF7C  F000         	goto	l884
   578  000166  0A01               	xorlw	1	; case 5
   579  000168  B4D8               	btfsc	status,2,c
   580  00016A  EF80  F000         	goto	l886
   581  00016E  0A03               	xorlw	3	; case 6
   582  000170  B4D8               	btfsc	status,2,c
   583  000172  EF84  F000         	goto	l888
   584  000176  0A01               	xorlw	1	; case 7
   585  000178  B4D8               	btfsc	status,2,c
   586  00017A  EF88  F000         	goto	l890
   587  00017E  0A0F               	xorlw	15	; case 8
   588  000180  B4D8               	btfsc	status,2,c
   589  000182  EF8C  F000         	goto	l52
   590  000186  0A01               	xorlw	1	; case 9
   591  000188  B4D8               	btfsc	status,2,c
   592  00018A  EF8F  F000         	goto	l892
   593  00018E  EF8C  F000         	goto	l52
   594  000192                     l55:
   595  000192  0012               	return		;funcret
   596  000194                     __end_of_display:
   597                           	callstack 0
   598                           
   599 ;; *************** function _confT0 *****************
   600 ;; Defined at:
   601 ;;		line 191 in file "main.c"
   602 ;; Parameters:    Size  Location     Type
   603 ;;		None
   604 ;; Auto vars:     Size  Location     Type
   605 ;;		None
   606 ;; Return value:  Size  Location     Type
   607 ;;                  1    wreg      void 
   608 ;; Registers used:
   609 ;;		wreg, status,2
   610 ;; Tracked objects:
   611 ;;		On entry : 0/0
   612 ;;		On exit  : 0/0
   613 ;;		Unchanged: 0/0
   614 ;; Data sizes:     COMRAM   BANK0   BANK1   BANK2   BANK3   BANK4   BANK5   BANK6   BANK7
   615 ;;      Params:         0       0       0       0       0       0       0       0       0
   616 ;;      Locals:         0       0       0       0       0       0       0       0       0
   617 ;;      Temps:          0       0       0       0       0       0       0       0       0
   618 ;;      Totals:         0       0       0       0       0       0       0       0       0
   619 ;;Total ram usage:        0 bytes
   620 ;; Hardware stack levels used: 1
   621 ;; Hardware stack levels required when called: 1
   622 ;; This function calls:
   623 ;;		Nothing
   624 ;; This function is called by:
   625 ;;		_main
   626 ;; This function uses a non-reentrant model
   627 ;;
   628                           
   629                           	psect	text2
   630  00025C                     __ptext2:
   631                           	callstack 0
   632  00025C                     _confT0:
   633                           	callstack 29
   634  00025C                     
   635                           ;main.c: 193:       T0CONbits.TMR0ON = 1;
   636  00025C  8ED5               	bsf	213,7,c	;volatile
   637                           
   638                           ;main.c: 194:       T0CONbits.T08BIT = 1;
   639  00025E  8CD5               	bsf	213,6,c	;volatile
   640                           
   641                           ;main.c: 195:       T0CONbits.T0CS = 0;
   642  000260  9AD5               	bcf	213,5,c	;volatile
   643                           
   644                           ;main.c: 196:       T0CONbits.T0SE = 1;
   645  000262  88D5               	bsf	213,4,c	;volatile
   646                           
   647                           ;main.c: 197:       T0CONbits.PSA = 1;
   648  000264  86D5               	bsf	213,3,c	;volatile
   649  000266                     
   650                           ;main.c: 198:       T0CONbits.T0PS = 0b110;
   651  000266  50D5               	movf	213,w,c	;volatile
   652  000268  0BF8               	andlw	-8
   653  00026A  0906               	iorlw	6
   654  00026C  6ED5               	movwf	213,c	;volatile
   655  00026E                     
   656                           ;main.c: 200:       INTCONbits.TMR0IE = 1;
   657  00026E  8AF2               	bsf	242,5,c	;volatile
   658  000270                     
   659                           ;main.c: 201:       INTCONbits.GIE = 1;
   660  000270  8EF2               	bsf	242,7,c	;volatile
   661  000272  0012               	return		;funcret
   662  000274                     __end_of_confT0:
   663                           	callstack 0
   664                           
   665 ;; *************** function _timer0 *****************
   666 ;; Defined at:
   667 ;;		line 184 in file "main.c"
   668 ;; Parameters:    Size  Location     Type
   669 ;;		None
   670 ;; Auto vars:     Size  Location     Type
   671 ;;		None
   672 ;; Return value:  Size  Location     Type
   673 ;;                  1    wreg      void 
   674 ;; Registers used:
   675 ;;		wreg, status,2, status,0
   676 ;; Tracked objects:
   677 ;;		On entry : 0/0
   678 ;;		On exit  : 0/0
   679 ;;		Unchanged: 0/0
   680 ;; Data sizes:     COMRAM   BANK0   BANK1   BANK2   BANK3   BANK4   BANK5   BANK6   BANK7
   681 ;;      Params:         0       0       0       0       0       0       0       0       0
   682 ;;      Locals:         0       0       0       0       0       0       0       0       0
   683 ;;      Temps:          0       0       0       0       0       0       0       0       0
   684 ;;      Totals:         0       0       0       0       0       0       0       0       0
   685 ;;Total ram usage:        0 bytes
   686 ;; Hardware stack levels used: 1
   687 ;; This function calls:
   688 ;;		Nothing
   689 ;; This function is called by:
   690 ;;		Interrupt level 2
   691 ;; This function uses a non-reentrant model
   692 ;;
   693                           
   694                           	psect	intcode
   695  000008                     __pintcode:
   696                           	callstack 0
   697  000008                     _timer0:
   698                           	callstack 29
   699                           
   700                           ;incstack = 0
   701  000008  8212               	bsf	int$flags,1,c	;set compiler interrupt flag (level 2)
   702  00000A  ED1D  F001         	call	int_func,f	;refresh shadow registers
   703                           
   704                           	psect	intcode_body
   705  00023A                     __pintcode_body:
   706                           	callstack 29
   707  00023A                     int_func:
   708                           	callstack 29
   709  00023A  0006               	pop		; remove dummy address from shadow register refresh
   710  00023C                     
   711                           ;main.c: 185:      if(INTCONbits.TMR0IF){
   712  00023C  A4F2               	btfss	242,2,c	;volatile
   713  00023E  EF23  F001         	goto	i2u1_41
   714  000242  EF25  F001         	goto	i2u1_40
   715  000246                     i2u1_41:
   716  000246  EF2C  F001         	goto	i2l61
   717  00024A                     i2u1_40:
   718  00024A                     
   719                           ;main.c: 186:                    TMR0 = 109;
   720  00024A  0E00               	movlw	0
   721  00024C  6ED7               	movwf	215,c	;volatile
   722  00024E  0E6D               	movlw	109
   723  000250  6ED6               	movwf	214,c	;volatile
   724  000252                     
   725                           ;main.c: 187:                    distancia++;
   726  000252  4A10               	infsnz	_distancia^0,f,c
   727  000254  2A11               	incf	(_distancia+1)^0,f,c
   728  000256                     
   729                           ;main.c: 188:                    INTCONbits.TMR0IF = 0;
   730  000256  94F2               	bcf	242,2,c	;volatile
   731  000258                     i2l61:
   732  000258  9212               	bcf	int$flags,1,c	;clear compiler interrupt flag (level 2)
   733  00025A  0011               	retfie		f
   734  00025C                     __end_of_timer0:
   735                           	callstack 0
   736  0000                     
   737                           	psect	rparam
   738  0000                     
   739                           	psect	temp
   740  000012                     btemp:
   741                           	callstack 0
   742  000012                     	ds	1
   743  0000                     int$flags	set	btemp
   744  0000                     wtemp8	set	btemp+1
   745  0000                     ttemp5	set	btemp+1
   746  0000                     ttemp6	set	btemp+4
   747  0000                     ttemp7	set	btemp+8
   748                           
   749                           	psect	idloc
   750                           
   751                           ;Config register IDLOC0 @ 0x200000
   752                           ;	unspecified, using default values
   753  200000                     	org	2097152
   754  200000  FF                 	db	255
   755                           
   756                           ;Config register IDLOC1 @ 0x200001
   757                           ;	unspecified, using default values
   758  200001                     	org	2097153
   759  200001  FF                 	db	255
   760                           
   761                           ;Config register IDLOC2 @ 0x200002
   762                           ;	unspecified, using default values
   763  200002                     	org	2097154
   764  200002  FF                 	db	255
   765                           
   766                           ;Config register IDLOC3 @ 0x200003
   767                           ;	unspecified, using default values
   768  200003                     	org	2097155
   769  200003  FF                 	db	255
   770                           
   771                           ;Config register IDLOC4 @ 0x200004
   772                           ;	unspecified, using default values
   773  200004                     	org	2097156
   774  200004  FF                 	db	255
   775                           
   776                           ;Config register IDLOC5 @ 0x200005
   777                           ;	unspecified, using default values
   778  200005                     	org	2097157
   779  200005  FF                 	db	255
   780                           
   781                           ;Config register IDLOC6 @ 0x200006
   782                           ;	unspecified, using default values
   783  200006                     	org	2097158
   784  200006  FF                 	db	255
   785                           
   786                           ;Config register IDLOC7 @ 0x200007
   787                           ;	unspecified, using default values
   788  200007                     	org	2097159
   789  200007  FF                 	db	255
   790                           
   791                           	psect	config
   792                           
   793                           ;Config register CONFIG1L @ 0x300000
   794                           ;	PLL Prescaler Selection bits
   795                           ;	PLLDIV = 5, Divide by 5 (20 MHz oscillator input)
   796                           ;	System Clock Postscaler Selection bits
   797                           ;	CPUDIV = OSC1_PLL2, [Primary Oscillator Src: /1][96 MHz PLL Src: /2]
   798                           ;	USB Clock Selection bit (used in Full-Speed USB mode only; UCFG:FSEN = 1)
   799                           ;	USBDIV = 2, USB clock source comes from the 96 MHz PLL divided by 2
   800  300000                     	org	3145728
   801  300000  24                 	db	36
   802                           
   803                           ;Config register CONFIG1H @ 0x300001
   804                           ;	Oscillator Selection bits
   805                           ;	FOSC = HS, HS oscillator (HS)
   806                           ;	Fail-Safe Clock Monitor Enable bit
   807                           ;	FCMEN = OFF, Fail-Safe Clock Monitor disabled
   808                           ;	Internal/External Oscillator Switchover bit
   809                           ;	IESO = OFF, Oscillator Switchover mode disabled
   810  300001                     	org	3145729
   811  300001  0C                 	db	12
   812                           
   813                           ;Config register CONFIG2L @ 0x300002
   814                           ;	Power-up Timer Enable bit
   815                           ;	PWRT = OFF, PWRT disabled
   816                           ;	Brown-out Reset Enable bits
   817                           ;	BOR = ON, Brown-out Reset enabled in hardware only (SBOREN is disabled)
   818                           ;	Brown-out Reset Voltage bits
   819                           ;	BORV = 3, Minimum setting 2.05V
   820                           ;	USB Voltage Regulator Enable bit
   821                           ;	VREGEN = OFF, USB voltage regulator disabled
   822  300002                     	org	3145730
   823  300002  1F                 	db	31
   824                           
   825                           ;Config register CONFIG2H @ 0x300003
   826                           ;	Watchdog Timer Enable bit
   827                           ;	WDT = ON, WDT enabled
   828                           ;	Watchdog Timer Postscale Select bits
   829                           ;	WDTPS = 32768, 1:32768
   830  300003                     	org	3145731
   831  300003  1F                 	db	31
   832                           
   833                           ; Padding undefined space
   834  300004                     	org	3145732
   835  300004  FF                 	db	255
   836                           
   837                           ;Config register CONFIG3H @ 0x300005
   838                           ;	CCP2 MUX bit
   839                           ;	CCP2MX = ON, CCP2 input/output is multiplexed with RC1
   840                           ;	PORTB A/D Enable bit
   841                           ;	PBADEN = ON, PORTB<4:0> pins are configured as analog input channels on Reset
   842                           ;	Low-Power Timer 1 Oscillator Enable bit
   843                           ;	LPT1OSC = OFF, Timer1 configured for higher power operation
   844                           ;	MCLR Pin Enable bit
   845                           ;	MCLRE = ON, MCLR pin enabled; RE3 input pin disabled
   846  300005                     	org	3145733
   847  300005  83                 	db	131
   848                           
   849                           ;Config register CONFIG4L @ 0x300006
   850                           ;	Stack Full/Underflow Reset Enable bit
   851                           ;	STVREN = ON, Stack full/underflow will cause Reset
   852                           ;	Single-Supply ICSP Enable bit
   853                           ;	LVP = ON, Single-Supply ICSP enabled
   854                           ;	Dedicated In-Circuit Debug/Programming Port (ICPORT) Enable bit
   855                           ;	ICPRT = OFF, ICPORT disabled
   856                           ;	Extended Instruction Set Enable bit
   857                           ;	XINST = OFF, Instruction set extension and Indexed Addressing mode disabled (Legacy mo
      +                          de)
   858                           ;	Background Debugger Enable bit
   859                           ;	DEBUG = 0x1, unprogrammed default
   860  300006                     	org	3145734
   861  300006  85                 	db	133
   862                           
   863                           ; Padding undefined space
   864  300007                     	org	3145735
   865  300007  FF                 	db	255
   866                           
   867                           ;Config register CONFIG5L @ 0x300008
   868                           ;	Code Protection bit
   869                           ;	CP0 = OFF, Block 0 (000800-001FFFh) is not code-protected
   870                           ;	Code Protection bit
   871                           ;	CP1 = OFF, Block 1 (002000-003FFFh) is not code-protected
   872                           ;	Code Protection bit
   873                           ;	CP2 = OFF, Block 2 (004000-005FFFh) is not code-protected
   874                           ;	Code Protection bit
   875                           ;	CP3 = OFF, Block 3 (006000-007FFFh) is not code-protected
   876  300008                     	org	3145736
   877  300008  0F                 	db	15
   878                           
   879                           ;Config register CONFIG5H @ 0x300009
   880                           ;	Boot Block Code Protection bit
   881                           ;	CPB = OFF, Boot block (000000-0007FFh) is not code-protected
   882                           ;	Data EEPROM Code Protection bit
   883                           ;	CPD = OFF, Data EEPROM is not code-protected
   884  300009                     	org	3145737
   885  300009  C0                 	db	192
   886                           
   887                           ;Config register CONFIG6L @ 0x30000A
   888                           ;	Write Protection bit
   889                           ;	WRT0 = OFF, Block 0 (000800-001FFFh) is not write-protected
   890                           ;	Write Protection bit
   891                           ;	WRT1 = OFF, Block 1 (002000-003FFFh) is not write-protected
   892                           ;	Write Protection bit
   893                           ;	WRT2 = OFF, Block 2 (004000-005FFFh) is not write-protected
   894                           ;	Write Protection bit
   895                           ;	WRT3 = OFF, Block 3 (006000-007FFFh) is not write-protected
   896  30000A                     	org	3145738
   897  30000A  0F                 	db	15
   898                           
   899                           ;Config register CONFIG6H @ 0x30000B
   900                           ;	Configuration Register Write Protection bit
   901                           ;	WRTC = OFF, Configuration registers (300000-3000FFh) are not write-protected
   902                           ;	Boot Block Write Protection bit
   903                           ;	WRTB = OFF, Boot block (000000-0007FFh) is not write-protected
   904                           ;	Data EEPROM Write Protection bit
   905                           ;	WRTD = OFF, Data EEPROM is not write-protected
   906  30000B                     	org	3145739
   907  30000B  E0                 	db	224
   908                           
   909                           ;Config register CONFIG7L @ 0x30000C
   910                           ;	Table Read Protection bit
   911                           ;	EBTR0 = OFF, Block 0 (000800-001FFFh) is not protected from table reads executed in ot
      +                          her blocks
   912                           ;	Table Read Protection bit
   913                           ;	EBTR1 = OFF, Block 1 (002000-003FFFh) is not protected from table reads executed in ot
      +                          her blocks
   914                           ;	Table Read Protection bit
   915                           ;	EBTR2 = OFF, Block 2 (004000-005FFFh) is not protected from table reads executed in ot
      +                          her blocks
   916                           ;	Table Read Protection bit
   917                           ;	EBTR3 = OFF, Block 3 (006000-007FFFh) is not protected from table reads executed in ot
      +                          her blocks
   918  30000C                     	org	3145740
   919  30000C  0F                 	db	15
   920                           
   921                           ;Config register CONFIG7H @ 0x30000D
   922                           ;	Boot Block Table Read Protection bit
   923                           ;	EBTRB = OFF, Boot block (000000-0007FFh) is not protected from table reads executed in
      +                           other blocks
   924  30000D                     	org	3145741
   925  30000D  40                 	db	64
   926                           tosu	equ	0xFFF
   927                           tosh	equ	0xFFE
   928                           tosl	equ	0xFFD
   929                           stkptr	equ	0xFFC
   930                           pclatu	equ	0xFFB
   931                           pclath	equ	0xFFA
   932                           pcl	equ	0xFF9
   933                           tblptru	equ	0xFF8
   934                           tblptrh	equ	0xFF7
   935                           tblptrl	equ	0xFF6
   936                           tablat	equ	0xFF5
   937                           prodh	equ	0xFF4
   938                           prodl	equ	0xFF3
   939                           indf0	equ	0xFEF
   940                           postinc0	equ	0xFEE
   941                           postdec0	equ	0xFED
   942                           preinc0	equ	0xFEC
   943                           plusw0	equ	0xFEB
   944                           fsr0h	equ	0xFEA
   945                           fsr0l	equ	0xFE9
   946                           wreg	equ	0xFE8
   947                           indf1	equ	0xFE7
   948                           postinc1	equ	0xFE6
   949                           postdec1	equ	0xFE5
   950                           preinc1	equ	0xFE4
   951                           plusw1	equ	0xFE3
   952                           fsr1h	equ	0xFE2
   953                           fsr1l	equ	0xFE1
   954                           bsr	equ	0xFE0
   955                           indf2	equ	0xFDF
   956                           postinc2	equ	0xFDE
   957                           postdec2	equ	0xFDD
   958                           preinc2	equ	0xFDC
   959                           plusw2	equ	0xFDB
   960                           fsr2h	equ	0xFDA
   961                           fsr2l	equ	0xFD9
   962                           status	equ	0xFD8

Data Sizes:
    Strings     0
    Constant    0
    Data        2
    BSS         2
    Persistent  0
    Stack       0

Auto Spaces:
    Space          Size  Autos    Used
    COMRAM           94     13      17
    BANK0           160      0       0
    BANK1           256      0       0
    BANK2           256      0       0
    BANK3           256      0       0
    BANK4           256      0       0
    BANK5           256      0       0
    BANK6           256      0       0
    BANK7           256      0       0

Pointer List with Targets:

    None.

Critical Paths under _main in COMRAM

    _main->_display

Critical Paths under _timer0 in COMRAM

    None.

Critical Paths under _main in BANK0

    None.

Critical Paths under _timer0 in BANK0

    None.

Critical Paths under _main in BANK1

    None.

Critical Paths under _timer0 in BANK1

    None.

Critical Paths under _main in BANK2

    None.

Critical Paths under _timer0 in BANK2

    None.

Critical Paths under _main in BANK3

    None.

Critical Paths under _timer0 in BANK3

    None.

Critical Paths under _main in BANK4

    None.

Critical Paths under _timer0 in BANK4

    None.

Critical Paths under _main in BANK5

    None.

Critical Paths under _timer0 in BANK5

    None.

Critical Paths under _main in BANK6

    None.

Critical Paths under _timer0 in BANK6

    None.

Critical Paths under _main in BANK7

    None.

Critical Paths under _timer0 in BANK7

    None.

Call Graph Tables:

 ---------------------------------------------------------------------------------
 (Depth) Function   	        Calls       Base Space   Used Autos Params    Refs
 ---------------------------------------------------------------------------------
 (0) _main                                                 9     4      5     143
                                              6 COMRAM     7     2      5
                             _confT0
                            _display
 ---------------------------------------------------------------------------------
 (1) _display                                              8     6      2     143
                                              0 COMRAM     6     4      2
 ---------------------------------------------------------------------------------
 (1) _confT0                                               0     0      0       0
 ---------------------------------------------------------------------------------
 Estimated maximum stack depth 1
 ---------------------------------------------------------------------------------
 (Depth) Function   	        Calls       Base Space   Used Autos Params    Refs
 ---------------------------------------------------------------------------------
 (2) _timer0                                               0     0      0       0
 ---------------------------------------------------------------------------------
 Estimated maximum stack depth 2
 ---------------------------------------------------------------------------------

 Call Graph Graphs:

 _main (ROOT)
   _confT0
   _display

 _timer0 (ROOT)

 Address spaces:
Name               Size   Autos  Total    Cost      Usage
BIGRAM             7FF      0       0      21        0.0%
EEDATA             100      0       0       0        0.0%
BITBANK7           100      0       0      18        0.0%
BANK7              100      0       0      19        0.0%
BITBANK6           100      0       0      16        0.0%
BANK6              100      0       0      17        0.0%
BITBANK5           100      0       0      14        0.0%
BANK5              100      0       0      15        0.0%
BITBANK4           100      0       0      12        0.0%
BANK4              100      0       0      13        0.0%
BITBANK3           100      0       0      10        0.0%
BANK3              100      0       0      11        0.0%
BITBANK2           100      0       0       8        0.0%
BANK2              100      0       0       9        0.0%
BITBANK1           100      0       0       6        0.0%
BANK1              100      0       0       7        0.0%
BITBANK0            A0      0       0       4        0.0%
BANK0               A0      0       0       5        0.0%
BITCOMRAM           5E      0       0       0        0.0%
COMRAM              5E      D      11       1       18.1%
BITSFR               0      0       0     200        0.0%
SFR                  0      0       0     200        0.0%
STACK                0      0       0       2        0.0%
NULL                 0      0       0       0        0.0%
ABS                  0      0      11      20        0.0%
DATA                 0      0      11       3        0.0%
CODE                 0      0       0       0        0.0%


Microchip Technology PIC18 Macro Assembler V2.32 build 20210201212658 
Symbol Table                                                                                   Sun Sep 26 19:03:19 2021

                     l52 0118                       l70 01BC                       l55 0192  
                     l39 005E                       l64 0272                       l73 01D4  
                     l75 01E2                       u40 01CA                       u41 01C6  
                     u50 01E2                       u51 01DE                       u67 01B4  
                     u77 01FA                      l810 0266                      l812 026E  
                    l814 0270                      l910 01A8                      l808 025C  
                    l920 01D2                      l912 01B0                      l922 01E4  
                    l914 01B2                      l906 0194                      l860 0036  
                    l852 0012                      l924 01F0                      l916 01BA  
                    l908 01A4                      l934 0082                      l870 0064  
                    l862 003E                      l854 001E                      l918 01CA  
                    l936 013C                      l880 00E8                      l864 0046  
                    l856 0026                      l890 0110                      l882 00F0  
                    l866 004E                      l858 002E                      l874 006C  
                    l892 011E                      l884 00F8                      l876 00D8  
                    l868 0056                      l886 0100                      l878 00E0  
                    l888 0108                      l896 0126                      wreg 000FE8  
                   i2l61 0258                     _TMR0 000FD6                     _main 0194  
                   btemp 0012                     start 000E             ___param_bank 000000  
                  ?_main 0007                    i2l820 0252                    i2l822 0256  
                  i2l816 023C                    i2l818 024A                    _PORTC 000F82  
                  _PORTD 000F83                    _TRISA 000F92                    _TRISC 000F94  
                  _TRISD 000F95             display@count 0001          __end_of_display 0194  
                  tablat 000FF5                    ttemp5 0013                    ttemp6 0016  
                  ttemp7 001A                    status 000FD8                    wtemp8 0013  
        __initialization 0210             __end_of_main 0210                   ??_main 000C  
          __activetblptr 000002                   _ADCON1 000FC1                   i2u1_40 024A  
                 i2u1_41 0246                   _confT0 025C                   _timer0 0008  
                 isa$std 000001                   _tiempo 000E                ??_display 0003  
           __pdataCOMRAM 0010                   tblptrh 000FF7                   tblptrl 000FF6  
                 tblptru 000FF8               __accesstop 0060  __end_of__initialization 022C  
          ___rparam_used 000001           __pcstackCOMRAM 0001                  ?_confT0 0001  
                ?_timer0 0001                  __Hparam 0000                  __Lparam 0000  
        __size_of_confT0 0018                  __pcinit 0210                  __ramtop 0800  
                __ptext0 0194                  __ptext1 0012                  __ptext2 025C  
        __size_of_timer0 0254                  _display 0012                _T0CONbits 000FD5  
         __pintcode_body 023A     end_of_initialization 022C            __Lmediumconst 0000  
                int_func 023A                _PORTAbits 000F80            __pidataCOMRAM 0274  
         __end_of_confT0 0274           __end_of_timer0 025C      start_initialization 0210  
               ??_confT0 0001                 ??_timer0 0001              __pbssCOMRAM 000E  
              __pintcode 0008                _distancia 0010                 ?_display 0001  
               __Hrparam 0000                 __Lrparam 0000         __size_of_display 0182  
          __size_of_main 007C                 isa$xinst 000000                 int$flags 0012  
               main@argc 0007                 main@argv 0009                 display@n 0005  
             _INTCONbits 000FF2                 intlevel2 0000  
